----------------- 2021-05-27 23:08:26.540735 -----------------
TCP Call no: 1 to read register 0
Sending command:  59590001001C010257463230333647383738000000000000000800040000003Ccaf1
Success reading 60 register(s) 0 from 04--0000000900070428000008cd000036b50000000000000000215113810000004100f0003a0000004b00000000021f0000000000040099000011240000f79d0000000042a60000002e00560054001e0000000001440863089600a400002bd4000005f9000114c00000000009811381014700f0000003cf0004
Connecting to broker  192.168.2.83
In wait loop
In wait loop
connected OK Returned code= 0
Publishing: GivEnergy/WF2036G878/raw/input/Invertor Status(0) 0
Publishing: GivEnergy/WF2036G878/raw/input/PV1 voltage(1) 0.9
Publishing: GivEnergy/WF2036G878/raw/input/PV2 voltage(2) 0.7
Publishing: GivEnergy/WF2036G878/raw/input/P Bus inside  Voltage(3) 106.4
Publishing: GivEnergy/WF2036G878/raw/input/N Bus inside Voltage(4) 0.0
Publishing: GivEnergy/WF2036G878/raw/input/single phase grid voltage(5) 225.3
Publishing: GivEnergy/WF2036G878/raw/input/Battery Throughput_H(6) 0000
Publishing: GivEnergy/WF2036G878/raw/input/Battery Throughput_L(7) 36b5
Publishing: GivEnergy/WF2036G878/raw/input/PV1 input current(8) 0.0
Publishing: GivEnergy/WF2036G878/raw/input/PV2 input current(9) 0.0
Publishing: GivEnergy/WF2036G878/raw/input/single phase grid output current(10) 0.0
Publishing: GivEnergy/WF2036G878/raw/input/PV Total generating capacity_H(11) 0000
Publishing: GivEnergy/WF2036G878/raw/input/PV Total generating capacity_L(12) 2151
Publishing: GivEnergy/WF2036G878/raw/input/Grid frequency of Three-single Phase(13) 49.93
Publishing: GivEnergy/WF2036G878/raw/input/Charge Status(14) 0
Publishing: GivEnergy/WF2036G878/raw/input/HighBrighBUS_Volt(15) 65
Publishing: GivEnergy/WF2036G878/raw/input/Inverter output PF now(16) 240
Publishing: GivEnergy/WF2036G878/raw/input/PV1 Energy Today(17) 5.8
Publishing: GivEnergy/WF2036G878/raw/input/PV1 input watt(18) 0
Publishing: GivEnergy/WF2036G878/raw/input/PV2 Energy Today(19) 7.5
Publishing: GivEnergy/WF2036G878/raw/input/PV2 input watt(20) 0
Publishing: GivEnergy/WF2036G878/raw/input/Grid Energy Out totalH(21) 0000
Publishing: GivEnergy/WF2036G878/raw/input/Grid Energy Out totalL(22) 021f
Publishing: GivEnergy/WF2036G878/raw/input/PV mate(23) 0.0
Publishing: GivEnergy/WF2036G878/raw/input/Three-single phase grid output watt (low)(24) 0
Publishing: GivEnergy/WF2036G878/raw/input/Grid Energy Out Day(25) 0.4
Publishing: GivEnergy/WF2036G878/raw/input/Grid Energy IN Day(26) 15.3
Publishing: GivEnergy/WF2036G878/raw/input/INV Energy IN total H(27) 0000
Publishing: GivEnergy/WF2036G878/raw/input/INV Energy IN total L(28) 1124
Publishing: GivEnergy/WF2036G878/raw/input/YearDisChargeEnergyLow(29) 0.0
Publishing: GivEnergy/WF2036G878/raw/input/Grid Output Power(30) -2147
Publishing: GivEnergy/WF2036G878/raw/input/PBackUp(31) 0
Publishing: GivEnergy/WF2036G878/raw/input/Grid Energy IN totalH(32) 0000
Publishing: GivEnergy/WF2036G878/raw/input/Grid Energy IN totalL(33) 42a6
Publishing: GivEnergy/WF2036G878/raw/input/Unknown(34) 0
Publishing: GivEnergy/WF2036G878/raw/input/TotalLoad energy today(35) 4.6
Publishing: GivEnergy/WF2036G878/raw/input/Charger energy today(36) 8.6
Publishing: GivEnergy/WF2036G878/raw/input/Discharger energy today(37) 8.4
Publishing: GivEnergy/WF2036G878/raw/input/wCountdown(38) 30
Publishing: GivEnergy/WF2036G878/raw/input/fault Code High 16bits(39) 0000
Publishing: GivEnergy/WF2036G878/raw/input/fault Code Low 16bits(40) 0000
Publishing: GivEnergy/WF2036G878/raw/input/Inverter temperature(41) 32.4
Publishing: GivEnergy/WF2036G878/raw/input/LoadTotal Power (42) 2147
Publishing: GivEnergy/WF2036G878/raw/input/Pgrid_Apparent(43) 2198
Publishing: GivEnergy/WF2036G878/raw/input/Today generate energy today (low)(44) 16.4
Publishing: GivEnergy/WF2036G878/raw/input/Total generate energy (high)(45) 0000
Publishing: GivEnergy/WF2036G878/raw/input/Total generate energy (low)(46) 2bd4
Publishing: GivEnergy/WF2036G878/raw/input/Work time total (high)(47) 0000
Publishing: GivEnergy/WF2036G878/raw/input/Work time total (low)(48) 05f9
Publishing: GivEnergy/WF2036G878/raw/input/System Mode(49) 1
Publishing: GivEnergy/WF2036G878/raw/input/Battery voltage(50) 53.12
Publishing: GivEnergy/WF2036G878/raw/input/Battery current(51) 0.0
Publishing: GivEnergy/WF2036G878/raw/input/Battery power(52) 0
Publishing: GivEnergy/WF2036G878/raw/input/Output voltage(53) 243.3
Publishing: GivEnergy/WF2036G878/raw/input/Output frequency(54) 49.93
Publishing: GivEnergy/WF2036G878/raw/input/Charger temperature(55) 32.7
Publishing: GivEnergy/WF2036G878/raw/input/Battery temperature(56) 24.0
Publishing: GivEnergy/WF2036G878/raw/input/Charger Warning code(57) 0
Publishing: GivEnergy/WF2036G878/raw/input/wGridPortCurr(58) 9.75
Publishing: GivEnergy/WF2036G878/raw/input/Battery percent(59) 4
TCP Call no: 1 to read register 180
Sending command:  59590001001C0102574632303336473837380000000000000008000400B400043eb0
Success reading 4 register(s) 180 from 04--1aaa1c0b00540056
Connecting to broker  192.168.2.83
In wait loop
In wait loop
In wait loop
connected OK Returned code= 0
Publishing: GivEnergy/WF2036G878/raw/input/Battery Discharge Energy Total(180) 682.6
Publishing: GivEnergy/WF2036G878/raw/input/Battery Charge Energy Total(181) 717.9
Publishing: GivEnergy/WF2036G878/raw/input/Battery Discharge Energy Today(182) 8.4
Publishing: GivEnergy/WF2036G878/raw/input/Battery Charge Energy Today(183) 8.6
Sum of reg= 6698 And there are 28 empty registers
Connecting to broker  192.168.2.83
In wait loop
In wait loop
In wait loop
connected OK Returned code= 0
Publishing: GivEnergy/WF2036G878/Energy/Total/Battery Charge Energy Total kWh 717.9
Publishing: GivEnergy/WF2036G878/Energy/Total/Battery Discharge Energy Total kWh 682.6
Publishing: GivEnergy/WF2036G878/Energy/Total/Export Energy Total kWh 54.3
Publishing: GivEnergy/WF2036G878/Energy/Total/Battery Throughput Total kWh 1400.5
Publishing: GivEnergy/WF2036G878/Energy/Total/Load Energy Total kWh 438.8
Publishing: GivEnergy/WF2036G878/Energy/Total/Import Energy Total kWh 1706.2
Publishing: GivEnergy/WF2036G878/Energy/Total/PV Energy Total kWh 852.9
Connecting to broker  192.168.2.83
In wait loop
In wait loop
connected OK Returned code= 0
Publishing: GivEnergy/WF2036G878/Energy/Today/Battery Charge Energy Today kWh 8.6
Publishing: GivEnergy/WF2036G878/Energy/Today/Battery Discharge Energy Today kWh 8.4
Publishing: GivEnergy/WF2036G878/Energy/Today/Battery Throughput Today kWh 17.0
Publishing: GivEnergy/WF2036G878/Energy/Today/PV Energy Today kWh 13.3
Publishing: GivEnergy/WF2036G878/Energy/Today/Import Energy Today kWh 15.3
Publishing: GivEnergy/WF2036G878/Energy/Today/Export Energy Today kWh 0.4
Publishing: GivEnergy/WF2036G878/Energy/Today/Load Energy Today kWh 4.6
Connecting to broker  192.168.2.83
In wait loop
In wait loop
In wait loop
connected OK Returned code= 0
Publishing: GivEnergy/WF2036G878/Power/PV Power 0
Publishing: GivEnergy/WF2036G878/Power/Grid Power -2147
Publishing: GivEnergy/WF2036G878/Power/Import Power 2147
Publishing: GivEnergy/WF2036G878/Power/Export Power 0
Publishing: GivEnergy/WF2036G878/Power/EPS Power 0
Publishing: GivEnergy/WF2036G878/Power/Invertor Power 0
Publishing: GivEnergy/WF2036G878/Power/Load Power 2147
Publishing: GivEnergy/WF2036G878/Power/Battery Power 0
Publishing: GivEnergy/WF2036G878/Power/Charge Power 0
Publishing: GivEnergy/WF2036G878/Power/Discharge Power 0
Publishing: GivEnergy/WF2036G878/Power/SOC 4
TCP Call no: 1 to read register 0
Sending command:  59590001001C010257463230333647383738000000000000000800030000003C0a44
Success reading 60 register(s) 0 from 03--200300030824020100008ca00e1000014247323034354730343053413230343747303938040a01c1000101c1000200008000761b17700001000000000011000100040007008c00150005001b0017000a00370001000000000641008300650001000000000064000000000001000100a002bc051400010000
TCP Call no: 1 to read register 60
Sending command:  59590001001C01025746323033364738373800000000000000080003003C003C0684
Success reading 60 register(s) 60 from 03--05dc001e001e07300ab4125c144e007e001b0018001c07300a3c12891450007e00340002001c06db0b15125c14500ab4000000000000000000000000000000000000000000640190000110e016da000000000000000000000000000000000000000600010004003200320000000000000039000000000000
Connecting to broker  192.168.2.83
In wait loop
In wait loop
In wait loop
connected OK Returned code= 0
Publishing: GivEnergy/WF2036G878/raw/holding/Device Type Code(0) 8195
Publishing: GivEnergy/WF2036G878/raw/holding/Inverter Module (high)(1) 3
Publishing: GivEnergy/WF2036G878/raw/holding/Inverter Module (low)(2) 2084
Publishing: GivEnergy/WF2036G878/raw/holding/Input tracker num and output phase num(3) 513
Publishing: GivEnergy/WF2036G878/raw/holding/unknown(4) 0
Publishing: GivEnergy/WF2036G878/raw/holding/unknown(5) 36000
Publishing: GivEnergy/WF2036G878/raw/holding/unknown(6) 3600
Publishing: GivEnergy/WF2036G878/raw/holding/unknown(7) 1
Publishing: GivEnergy/WF2036G878/raw/holding/BAT Serial number 5(8) 16967
Publishing: GivEnergy/WF2036G878/raw/holding/BAT Serial number 4(9) 12848
Publishing: GivEnergy/WF2036G878/raw/holding/BAT Serial number 3(10) 13365
Publishing: GivEnergy/WF2036G878/raw/holding/BAT Serial number 2(11) 18224
Publishing: GivEnergy/WF2036G878/raw/holding/BAT Serial number 1(12) 13360
Publishing: GivEnergy/WF2036G878/raw/holding/INV Serial number 5(13) 21313
Publishing: GivEnergy/WF2036G878/raw/holding/INV Serial number 4(14) 12848
Publishing: GivEnergy/WF2036G878/raw/holding/INV Serial number 3(15) 13367
Publishing: GivEnergy/WF2036G878/raw/holding/INV Serial number 2(16) 18224
Publishing: GivEnergy/WF2036G878/raw/holding/INV Serial number 1(17) 14648
Publishing: GivEnergy/WF2036G878/raw/holding/unknown(18) 1034
Publishing: GivEnergy/WF2036G878/raw/holding/unknown(19) 449
Publishing: GivEnergy/WF2036G878/raw/holding/Winter Mode On Off(20) 1
Publishing: GivEnergy/WF2036G878/raw/holding/unknown(21) 449
Publishing: GivEnergy/WF2036G878/raw/holding/Wifi or U disk (22) 2
Publishing: GivEnergy/WF2036G878/raw/holding/Selet dsp or ARM(23) 0
Publishing: GivEnergy/WF2036G878/raw/holding/Set Variable address(24) 32768
Publishing: GivEnergy/WF2036G878/raw/holding/Set Variable Value(25) 30235
Publishing: GivEnergy/WF2036G878/raw/holding/GridPortMaxOutPutPower(26) 6000
Publishing: GivEnergy/WF2036G878/raw/holding/BatPowerMode(27) True
Publishing: GivEnergy/WF2036G878/raw/holding/FreMode(28) 0
Publishing: GivEnergy/WF2036G878/raw/holding/SOC_ForceAdjust(29) 0
Publishing: GivEnergy/WF2036G878/raw/holding/Communicate  address(30) 17
Publishing: GivEnergy/WF2036G878/raw/holding/Slot 2 charge time start(31) 0001
Publishing: GivEnergy/WF2036G878/raw/holding/Slot 2 charge time stop(32) 0004
Publishing: GivEnergy/WF2036G878/raw/holding/User code(33) 7
Publishing: GivEnergy/WF2036G878/raw/holding/Modbus Version(34) 140
Publishing: GivEnergy/WF2036G878/raw/holding/System time-year(35) 21
Publishing: GivEnergy/WF2036G878/raw/holding/System time- Month(36) 5
Publishing: GivEnergy/WF2036G878/raw/holding/System time- Day(37) 27
Publishing: GivEnergy/WF2036G878/raw/holding/System time- Hour(38) 23
Publishing: GivEnergy/WF2036G878/raw/holding/System time- Min(39) 10
Publishing: GivEnergy/WF2036G878/raw/holding/System time- Second(40) 55
Publishing: GivEnergy/WF2036G878/raw/holding/DRM enable(41) 1
Publishing: GivEnergy/WF2036G878/raw/holding/CT Adjust(42) 0
Publishing: GivEnergy/WF2036G878/raw/holding/Chg and dischg Soc(43) 0
Publishing: GivEnergy/WF2036G878/raw/holding/Discharge start time slot2(44) 1601
Publishing: GivEnergy/WF2036G878/raw/holding/Discharge end time slot2(45) 0131
Publishing: GivEnergy/WF2036G878/raw/holding/BMSVersion(46) 101
Publishing: GivEnergy/WF2036G878/raw/holding/bMeterType(47) 1
Publishing: GivEnergy/WF2036G878/raw/holding/b115MeterDirect(48) 0
Publishing: GivEnergy/WF2036G878/raw/holding/b418MeterDirect(49) 0
Publishing: GivEnergy/WF2036G878/raw/holding/Active P rate(50) 100
Publishing: GivEnergy/WF2036G878/raw/holding/Reactive P rate(51) 0
Publishing: GivEnergy/WF2036G878/raw/holding/Power Factor(52) 0
Publishing: GivEnergy/WF2036G878/raw/holding/Inverter State(53) 1
Publishing: GivEnergy/WF2036G878/raw/holding/Battery type(54) 1
Publishing: GivEnergy/WF2036G878/raw/holding/Battery norminal capacity(55) 160
Publishing: GivEnergy/WF2036G878/raw/holding/Discharge start time slot1(56) 0700
Publishing: GivEnergy/WF2036G878/raw/holding/Discharge end time slot1(57) 1300
Publishing: GivEnergy/WF2036G878/raw/holding/AutoJudgeBatteryTypeEnable(58) 1
Publishing: GivEnergy/WF2036G878/raw/holding/Discharge Enable(59) False
Publishing: GivEnergy/WF2036G878/raw/holding/Input start voltage (60) 1500
Publishing: GivEnergy/WF2036G878/raw/holding/Start time(61) 30
Publishing: GivEnergy/WF2036G878/raw/holding/RestartDelayTime(62) 30
Publishing: GivEnergy/WF2036G878/raw/holding/Vac low OUT(63) 1840
Publishing: GivEnergy/WF2036G878/raw/holding/Vac high OUT(64) 2740
Publishing: GivEnergy/WF2036G878/raw/holding/Fac low OUT(65) 4700
Publishing: GivEnergy/WF2036G878/raw/holding/Fac high OUT(66) 5198
Publishing: GivEnergy/WF2036G878/raw/holding/Vac low OUT  time(67) 126
Publishing: GivEnergy/WF2036G878/raw/holding/Vac high OUT  time(68) 27
Publishing: GivEnergy/WF2036G878/raw/holding/Fac low OUT time(69) 24
Publishing: GivEnergy/WF2036G878/raw/holding/Fac high OUT time(70) 28
Publishing: GivEnergy/WF2036G878/raw/holding/Vac low IN(71) 1840
Publishing: GivEnergy/WF2036G878/raw/holding/Vac high IN(72) 2620
Publishing: GivEnergy/WF2036G878/raw/holding/Fac low IN(73) 4745
Publishing: GivEnergy/WF2036G878/raw/holding/Fac high IN(74) 5200
Publishing: GivEnergy/WF2036G878/raw/holding/Vac low IN time(75) 126
Publishing: GivEnergy/WF2036G878/raw/holding/Vac high IN time(76) 52
Publishing: GivEnergy/WF2036G878/raw/holding/Fac low time IN(77) 2
Publishing: GivEnergy/WF2036G878/raw/holding/Fac high time IN(78) 28
Publishing: GivEnergy/WF2036G878/raw/holding/Vac low C(79) 1755
Publishing: GivEnergy/WF2036G878/raw/holding/Vac high C(80) 2837
Publishing: GivEnergy/WF2036G878/raw/holding/Fac low C(81) 4700
Publishing: GivEnergy/WF2036G878/raw/holding/Fac high C(82) 5200
Publishing: GivEnergy/WF2036G878/raw/holding/U10min(83) 2740
Publishing: GivEnergy/WF2036G878/raw/holding/ISO1(84) 0
Publishing: GivEnergy/WF2036G878/raw/holding/ISO2(85) 0
Publishing: GivEnergy/WF2036G878/raw/holding/GFCI_I 1(86) 0
Publishing: GivEnergy/WF2036G878/raw/holding/GFCI_time 1 (87) 0
Publishing: GivEnergy/WF2036G878/raw/holding/GFCI_I 2(88) 0
Publishing: GivEnergy/WF2036G878/raw/holding/GFCI_time 2 (89) 0
Publishing: GivEnergy/WF2036G878/raw/holding/DCI_I 1(90) 0
Publishing: GivEnergy/WF2036G878/raw/holding/DCI_time 1 (91) 0
Publishing: GivEnergy/WF2036G878/raw/holding/DCI_I 2(92) 0
Publishing: GivEnergy/WF2036G878/raw/holding/DCI_time 2(93) 0
Publishing: GivEnergy/WF2036G878/raw/holding/Charge start time slot1(94) 0100
Publishing: GivEnergy/WF2036G878/raw/holding/Charge end time slot1(95) 0400
Publishing: GivEnergy/WF2036G878/raw/holding/Battery Smart Charge(96) True
Publishing: GivEnergy/WF2036G878/raw/holding/Discharger Low  limit(97) 4320
Publishing: GivEnergy/WF2036G878/raw/holding/Charger High limit(98) 5850
Publishing: GivEnergy/WF2036G878/raw/holding/Pv1 volt adjust(99) 0
Publishing: GivEnergy/WF2036G878/raw/holding/Pv2 volt adjust(100) 0
Publishing: GivEnergy/WF2036G878/raw/holding/Grid R volt adjust(101) 0
Publishing: GivEnergy/WF2036G878/raw/holding/Grid S volt adjust(102) 0
Publishing: GivEnergy/WF2036G878/raw/holding/Grid T volt adjust(103) 0
Publishing: GivEnergy/WF2036G878/raw/holding/Grid Power adjust(104) 0
Publishing: GivEnergy/WF2036G878/raw/holding/Bat volt adjust(105) 0
Publishing: GivEnergy/WF2036G878/raw/holding/PV1 Power adjust(106) 0
Publishing: GivEnergy/WF2036G878/raw/holding/PV2 Power adjust(107) 0
Publishing: GivEnergy/WF2036G878/raw/holding/BatLowForceChgTime(108) 6
Publishing: GivEnergy/WF2036G878/raw/holding/bBMSType(109) 1
Publishing: GivEnergy/WF2036G878/raw/holding/Shallow Charge(110) 4
Publishing: GivEnergy/WF2036G878/raw/holding/bBatChgLimit(111) 50
Publishing: GivEnergy/WF2036G878/raw/holding/bBatDisLimit(112) 50
Publishing: GivEnergy/WF2036G878/raw/holding/Buzzer_sw(113) 0
Publishing: GivEnergy/WF2036G878/raw/holding/Battery Power Reserve(114) 0
Publishing: GivEnergy/WF2036G878/raw/holding/IsLanChkContiue(115) 0
Publishing: GivEnergy/WF2036G878/raw/holding/Target SOC(116) 57
Publishing: GivEnergy/WF2036G878/raw/holding/Chg_soc stop2(117) 0
Publishing: GivEnergy/WF2036G878/raw/holding/dischg_soc stop2(118) 0
Publishing: GivEnergy/WF2036G878/raw/holding/Chg_soc stop(119) 0
4 True Paused
Connecting to broker  192.168.2.83
In wait loop
In wait loop
In wait loop
connected OK Returned code= 0
Publishing: GivEnergy/WF2036G878/Control/Mode unknown
Publishing: GivEnergy/WF2036G878/Control/Battery Power Reserve 0
Publishing: GivEnergy/WF2036G878/Control/Target SOC 57
Publishing: GivEnergy/WF2036G878/Control/Battery Capacity 8.19
Publishing: GivEnergy/WF2036G878/Control/Charge Schedule State Paused
Publishing: GivEnergy/WF2036G878/Control/Discharge Schedule State Paused
TCP Call no: 1 to read register 44
Sending command:  59590001001C01025746323033364738373800000000000000080003002C00021304
Success reading 02 register(s) 44 from 03--06410083
TCP Call no: 1 to read register 56
Sending command:  59590001001C01025746323033364738373800000000000000080003003800021744
Success reading 02 register(s) 56 from 03--02bc0514
TCP Call no: 1 to read register 94
Sending command:  59590001001C01025746323033364738373800000000000000080003005E000208a4
Success reading 02 register(s) 94 from 03--00640190
Connecting to broker  192.168.2.83
In wait loop
In wait loop
In wait loop
connected OK Returned code= 0
Publishing: GivEnergy/WF2036G878/Timeslots/Discharge start time slot2(44) 1601
Publishing: GivEnergy/WF2036G878/Timeslots/Discharge end time slot2(45) 0131
Publishing: GivEnergy/WF2036G878/Timeslots/Discharge start time slot1(56) 0700
Publishing: GivEnergy/WF2036G878/Timeslots/Discharge end time slot1(57) 1300
Publishing: GivEnergy/WF2036G878/Timeslots/Charge start time slot1(94) 0100
Publishing: GivEnergy/WF2036G878/Timeslots/Charge end time slot1(95) 0400
----------------- 2021-05-28 23:02:35.323474 -----------------
TCP Call no: 1 to read register 0
Sending command:  59590001001C010257463230333647383738000000000000000800030000003C0a44
Success reading 60 register(s) 0 from 03--200300030824020100008ca00e1000014247323034354730343053413230343747303938040a01c1000101c1000200008000761b17700001000000000011000100040007008c00150005001c00170004003a0001000000000641008300650001000000000064000000000001000100a0064002bc00010001
TCP Call no: 1 to read register 60
Sending command:  59590001001C01025746323033364738373800000000000000080003003C003C0684
Success reading 60 register(s) 60 from 03--05dc001e001e07300ab4125c144e007e001b0018001c07300a3c12891450007e00340002001c06db0b15125c14500ab4000000000000000000000000000000000000000005320640000110e016da000000000000000000000000000000000000000600010064003200320000000100000039000000000000
----------------- 2021-05-28 23:02:58.578549 -----------------
TCP Call no: 1 to read register 0
Sending command:  59590001001C010257463230333647383738000000000000000800030000003C0a44
Success reading 60 register(s) 0 from 03--200300030824020100008ca00e1000014247323034354730343053413230343747303938040a01c1000101c1000200008000761b17700001000000000011000100040007008c00150005001c0017000500150001000000000641008300650001000000000064000000000001000100a0064002bc00010001
TCP Call no: 1 to read register 60
Sending command:  59590001001C01025746323033364738373800000000000000080003003C003C0684
Success reading 60 register(s) 60 from 03--05dc001e001e07300ab4125c144e007e001b0018001c07300a3c12891450007e00340002001c06db0b15125c14500ab4000000000000000000000000000000000000000005320640000110e016da000000000000000000000000000000000000000600010064003200320000000100000039000000000000
No user defined MQTT Topic
Connecting to broker  192.168.2.83
In wait loop
In wait loop
connected OK Returned code= 0
Publishing: GivEnergy/WF2036G878/raw/holding/Device Type Code(0) 8195
Publishing: GivEnergy/WF2036G878/raw/holding/Inverter Module (high)(1) 3
Publishing: GivEnergy/WF2036G878/raw/holding/Inverter Module (low)(2) 2084
Publishing: GivEnergy/WF2036G878/raw/holding/Input tracker num and output phase num(3) 513
Publishing: GivEnergy/WF2036G878/raw/holding/unknown(4) 0
Publishing: GivEnergy/WF2036G878/raw/holding/unknown(5) 36000
Publishing: GivEnergy/WF2036G878/raw/holding/unknown(6) 3600
Publishing: GivEnergy/WF2036G878/raw/holding/unknown(7) 1
Publishing: GivEnergy/WF2036G878/raw/holding/BAT Serial number 5(8) 16967
Publishing: GivEnergy/WF2036G878/raw/holding/BAT Serial number 4(9) 12848
Publishing: GivEnergy/WF2036G878/raw/holding/BAT Serial number 3(10) 13365
Publishing: GivEnergy/WF2036G878/raw/holding/BAT Serial number 2(11) 18224
Publishing: GivEnergy/WF2036G878/raw/holding/BAT Serial number 1(12) 13360
Publishing: GivEnergy/WF2036G878/raw/holding/INV Serial number 5(13) 21313
Publishing: GivEnergy/WF2036G878/raw/holding/INV Serial number 4(14) 12848
Publishing: GivEnergy/WF2036G878/raw/holding/INV Serial number 3(15) 13367
Publishing: GivEnergy/WF2036G878/raw/holding/INV Serial number 2(16) 18224
Publishing: GivEnergy/WF2036G878/raw/holding/INV Serial number 1(17) 14648
Publishing: GivEnergy/WF2036G878/raw/holding/unknown(18) 1034
Publishing: GivEnergy/WF2036G878/raw/holding/unknown(19) 449
Publishing: GivEnergy/WF2036G878/raw/holding/Winter Mode On Off(20) 1
Publishing: GivEnergy/WF2036G878/raw/holding/unknown(21) 449
Publishing: GivEnergy/WF2036G878/raw/holding/Wifi or U disk (22) 2
Publishing: GivEnergy/WF2036G878/raw/holding/Selet dsp or ARM(23) 0
Publishing: GivEnergy/WF2036G878/raw/holding/Set Variable address(24) 32768
Publishing: GivEnergy/WF2036G878/raw/holding/Set Variable Value(25) 30235
Publishing: GivEnergy/WF2036G878/raw/holding/GridPortMaxOutPutPower(26) 6000
Publishing: GivEnergy/WF2036G878/raw/holding/BatPowerMode(27) True
Publishing: GivEnergy/WF2036G878/raw/holding/FreMode(28) 0
Publishing: GivEnergy/WF2036G878/raw/holding/SOC_ForceAdjust(29) 0
Publishing: GivEnergy/WF2036G878/raw/holding/Communicate  address(30) 17
Publishing: GivEnergy/WF2036G878/raw/holding/Slot 2 charge time start(31) 0001
Publishing: GivEnergy/WF2036G878/raw/holding/Slot 2 charge time stop(32) 0004
Publishing: GivEnergy/WF2036G878/raw/holding/User code(33) 7
Publishing: GivEnergy/WF2036G878/raw/holding/Modbus Version(34) 140
Publishing: GivEnergy/WF2036G878/raw/holding/System time-year(35) 21
Publishing: GivEnergy/WF2036G878/raw/holding/System time- Month(36) 5
Publishing: GivEnergy/WF2036G878/raw/holding/System time- Day(37) 28
Publishing: GivEnergy/WF2036G878/raw/holding/System time- Hour(38) 23
Publishing: GivEnergy/WF2036G878/raw/holding/System time- Min(39) 5
Publishing: GivEnergy/WF2036G878/raw/holding/System time- Second(40) 21
Publishing: GivEnergy/WF2036G878/raw/holding/DRM enable(41) 1
Publishing: GivEnergy/WF2036G878/raw/holding/CT Adjust(42) 0
Publishing: GivEnergy/WF2036G878/raw/holding/Chg and dischg Soc(43) 0
Publishing: GivEnergy/WF2036G878/raw/holding/Discharge start time slot2(44) 1601
Publishing: GivEnergy/WF2036G878/raw/holding/Discharge end time slot2(45) 0131
Publishing: GivEnergy/WF2036G878/raw/holding/BMSVersion(46) 101
Publishing: GivEnergy/WF2036G878/raw/holding/bMeterType(47) 1
Publishing: GivEnergy/WF2036G878/raw/holding/b115MeterDirect(48) 0
Publishing: GivEnergy/WF2036G878/raw/holding/b418MeterDirect(49) 0
Publishing: GivEnergy/WF2036G878/raw/holding/Active P rate(50) 100
Publishing: GivEnergy/WF2036G878/raw/holding/Reactive P rate(51) 0
Publishing: GivEnergy/WF2036G878/raw/holding/Power Factor(52) 0
Publishing: GivEnergy/WF2036G878/raw/holding/Inverter State(53) 1
Publishing: GivEnergy/WF2036G878/raw/holding/Battery type(54) 1
Publishing: GivEnergy/WF2036G878/raw/holding/Battery norminal capacity(55) 160
Publishing: GivEnergy/WF2036G878/raw/holding/Discharge start time slot1(56) 1600
Publishing: GivEnergy/WF2036G878/raw/holding/Discharge end time slot1(57) 0700
Publishing: GivEnergy/WF2036G878/raw/holding/AutoJudgeBatteryTypeEnable(58) 1
Publishing: GivEnergy/WF2036G878/raw/holding/Discharge Enable(59) True
Publishing: GivEnergy/WF2036G878/raw/holding/Input start voltage (60) 1500
Publishing: GivEnergy/WF2036G878/raw/holding/Start time(61) 30
Publishing: GivEnergy/WF2036G878/raw/holding/RestartDelayTime(62) 30
Publishing: GivEnergy/WF2036G878/raw/holding/Vac low OUT(63) 1840
Publishing: GivEnergy/WF2036G878/raw/holding/Vac high OUT(64) 2740
Publishing: GivEnergy/WF2036G878/raw/holding/Fac low OUT(65) 4700
Publishing: GivEnergy/WF2036G878/raw/holding/Fac high OUT(66) 5198
Publishing: GivEnergy/WF2036G878/raw/holding/Vac low OUT  time(67) 126
Publishing: GivEnergy/WF2036G878/raw/holding/Vac high OUT  time(68) 27
Publishing: GivEnergy/WF2036G878/raw/holding/Fac low OUT time(69) 24
Publishing: GivEnergy/WF2036G878/raw/holding/Fac high OUT time(70) 28
Publishing: GivEnergy/WF2036G878/raw/holding/Vac low IN(71) 1840
Publishing: GivEnergy/WF2036G878/raw/holding/Vac high IN(72) 2620
Publishing: GivEnergy/WF2036G878/raw/holding/Fac low IN(73) 4745
Publishing: GivEnergy/WF2036G878/raw/holding/Fac high IN(74) 5200
Publishing: GivEnergy/WF2036G878/raw/holding/Vac low IN time(75) 126
Publishing: GivEnergy/WF2036G878/raw/holding/Vac high IN time(76) 52
Publishing: GivEnergy/WF2036G878/raw/holding/Fac low time IN(77) 2
Publishing: GivEnergy/WF2036G878/raw/holding/Fac high time IN(78) 28
Publishing: GivEnergy/WF2036G878/raw/holding/Vac low C(79) 1755
Publishing: GivEnergy/WF2036G878/raw/holding/Vac high C(80) 2837
Publishing: GivEnergy/WF2036G878/raw/holding/Fac low C(81) 4700
Publishing: GivEnergy/WF2036G878/raw/holding/Fac high C(82) 5200
Publishing: GivEnergy/WF2036G878/raw/holding/U10min(83) 2740
Publishing: GivEnergy/WF2036G878/raw/holding/ISO1(84) 0
Publishing: GivEnergy/WF2036G878/raw/holding/ISO2(85) 0
Publishing: GivEnergy/WF2036G878/raw/holding/GFCI_I 1(86) 0
Publishing: GivEnergy/WF2036G878/raw/holding/GFCI_time 1 (87) 0
Publishing: GivEnergy/WF2036G878/raw/holding/GFCI_I 2(88) 0
Publishing: GivEnergy/WF2036G878/raw/holding/GFCI_time 2 (89) 0
Publishing: GivEnergy/WF2036G878/raw/holding/DCI_I 1(90) 0
Publishing: GivEnergy/WF2036G878/raw/holding/DCI_time 1 (91) 0
Publishing: GivEnergy/WF2036G878/raw/holding/DCI_I 2(92) 0
Publishing: GivEnergy/WF2036G878/raw/holding/DCI_time 2(93) 0
Publishing: GivEnergy/WF2036G878/raw/holding/Charge start time slot1(94) 1330
Publishing: GivEnergy/WF2036G878/raw/holding/Charge end time slot1(95) 1600
Publishing: GivEnergy/WF2036G878/raw/holding/Battery Smart Charge(96) True
Publishing: GivEnergy/WF2036G878/raw/holding/Discharger Low  limit(97) 4320
Publishing: GivEnergy/WF2036G878/raw/holding/Charger High limit(98) 5850
Publishing: GivEnergy/WF2036G878/raw/holding/Pv1 volt adjust(99) 0
Publishing: GivEnergy/WF2036G878/raw/holding/Pv2 volt adjust(100) 0
Publishing: GivEnergy/WF2036G878/raw/holding/Grid R volt adjust(101) 0
Publishing: GivEnergy/WF2036G878/raw/holding/Grid S volt adjust(102) 0
Publishing: GivEnergy/WF2036G878/raw/holding/Grid T volt adjust(103) 0
Publishing: GivEnergy/WF2036G878/raw/holding/Grid Power adjust(104) 0
Publishing: GivEnergy/WF2036G878/raw/holding/Bat volt adjust(105) 0
Publishing: GivEnergy/WF2036G878/raw/holding/PV1 Power adjust(106) 0
Publishing: GivEnergy/WF2036G878/raw/holding/PV2 Power adjust(107) 0
Publishing: GivEnergy/WF2036G878/raw/holding/BatLowForceChgTime(108) 6
Publishing: GivEnergy/WF2036G878/raw/holding/bBMSType(109) 1
Publishing: GivEnergy/WF2036G878/raw/holding/Shallow Charge(110) 100
Publishing: GivEnergy/WF2036G878/raw/holding/bBatChgLimit(111) 50
Publishing: GivEnergy/WF2036G878/raw/holding/bBatDisLimit(112) 50
Publishing: GivEnergy/WF2036G878/raw/holding/Buzzer_sw(113) 0
Publishing: GivEnergy/WF2036G878/raw/holding/Battery Power Reserve(114) 1
Publishing: GivEnergy/WF2036G878/raw/holding/IsLanChkContiue(115) 0
Publishing: GivEnergy/WF2036G878/raw/holding/Target SOC(116) 57
Publishing: GivEnergy/WF2036G878/raw/holding/Chg_soc stop2(117) 0
Publishing: GivEnergy/WF2036G878/raw/holding/dischg_soc stop2(118) 0
Publishing: GivEnergy/WF2036G878/raw/holding/Chg_soc stop(119) 0
100 True Active
No user defined MQTT Topic
Connecting to broker  192.168.2.83
In wait loop
In wait loop
connected OK Returned code= 0
Publishing: GivEnergy/WF2036G878/Control/Mode 3
Publishing: GivEnergy/WF2036G878/Control/Battery Power Reserve 1
Publishing: GivEnergy/WF2036G878/Control/Target SOC 57
Publishing: GivEnergy/WF2036G878/Control/Battery Capacity 8.19
Publishing: GivEnergy/WF2036G878/Control/Charge Schedule State Active
Publishing: GivEnergy/WF2036G878/Control/Discharge Schedule State Active
----------------- 2021-05-28 23:10:08.660338 -----------------
TCP Call no: 1 to read register 0
Sending command:  59590001001C010257463230333647383738000000000000000800040000003Ccaf1
Success reading 60 register(s) 0 from 04--0000001500170399000008c700003714000000000000000021ba13840000001b00fa002e0000003b000000000220000000000001014b000011300000f7790000000044040000000c0033002c001e000000000150088708c3006600002c3a00000608000114c600000000097e1384014d010e000003e50004
No user defined MQTT Topic
Connecting to broker  192.168.2.83
In wait loop
In wait loop
connected OK Returned code= 0
Publishing: GivEnergy/WF2036G878/raw/input/Invertor Status(0) 0
Publishing: GivEnergy/WF2036G878/raw/input/PV1 voltage(1) 2.1
Publishing: GivEnergy/WF2036G878/raw/input/PV2 voltage(2) 2.3
Publishing: GivEnergy/WF2036G878/raw/input/P Bus inside  Voltage(3) 92.1
Publishing: GivEnergy/WF2036G878/raw/input/N Bus inside Voltage(4) 0.0
Publishing: GivEnergy/WF2036G878/raw/input/single phase grid voltage(5) 224.7
Publishing: GivEnergy/WF2036G878/raw/input/Battery Throughput_H(6) 0000
Publishing: GivEnergy/WF2036G878/raw/input/Battery Throughput_L(7) 3714
Publishing: GivEnergy/WF2036G878/raw/input/PV1 input current(8) 0.0
Publishing: GivEnergy/WF2036G878/raw/input/PV2 input current(9) 0.0
Publishing: GivEnergy/WF2036G878/raw/input/single phase grid output current(10) 0.0
Publishing: GivEnergy/WF2036G878/raw/input/PV Total generating capacity_H(11) 0000
Publishing: GivEnergy/WF2036G878/raw/input/PV Total generating capacity_L(12) 21ba
Publishing: GivEnergy/WF2036G878/raw/input/Grid frequency of Three-single Phase(13) 49.96
Publishing: GivEnergy/WF2036G878/raw/input/Charge Status(14) 0
Publishing: GivEnergy/WF2036G878/raw/input/HighBrighBUS_Volt(15) 27
Publishing: GivEnergy/WF2036G878/raw/input/Inverter output PF now(16) 250
Publishing: GivEnergy/WF2036G878/raw/input/PV1 Energy Today(17) 4.6
Publishing: GivEnergy/WF2036G878/raw/input/PV1 input watt(18) 0
Publishing: GivEnergy/WF2036G878/raw/input/PV2 Energy Today(19) 5.9
Publishing: GivEnergy/WF2036G878/raw/input/PV2 input watt(20) 0
Publishing: GivEnergy/WF2036G878/raw/input/Grid Energy Out totalH(21) 0000
Publishing: GivEnergy/WF2036G878/raw/input/Grid Energy Out totalL(22) 0220
Publishing: GivEnergy/WF2036G878/raw/input/PV mate(23) 0.0
Publishing: GivEnergy/WF2036G878/raw/input/Three-single phase grid output watt (low)(24) 0
Publishing: GivEnergy/WF2036G878/raw/input/Grid Energy Out Day(25) 0.1
Publishing: GivEnergy/WF2036G878/raw/input/Grid Energy IN Day(26) 33.1
Publishing: GivEnergy/WF2036G878/raw/input/INV Energy IN total H(27) 0000
Publishing: GivEnergy/WF2036G878/raw/input/INV Energy IN total L(28) 1130
Publishing: GivEnergy/WF2036G878/raw/input/YearDisChargeEnergyLow(29) 0.0
Publishing: GivEnergy/WF2036G878/raw/input/Grid Output Power(30) -2183
Publishing: GivEnergy/WF2036G878/raw/input/PBackUp(31) 0
Publishing: GivEnergy/WF2036G878/raw/input/Grid Energy IN totalH(32) 0000
Publishing: GivEnergy/WF2036G878/raw/input/Grid Energy IN totalL(33) 4404
Publishing: GivEnergy/WF2036G878/raw/input/Unknown(34) 0
Publishing: GivEnergy/WF2036G878/raw/input/TotalLoad energy today(35) 1.2
Publishing: GivEnergy/WF2036G878/raw/input/Charger energy today(36) 5.1
Publishing: GivEnergy/WF2036G878/raw/input/Discharger energy today(37) 4.4
Publishing: GivEnergy/WF2036G878/raw/input/wCountdown(38) 30
Publishing: GivEnergy/WF2036G878/raw/input/fault Code High 16bits(39) 0000
Publishing: GivEnergy/WF2036G878/raw/input/fault Code Low 16bits(40) 0000
Publishing: GivEnergy/WF2036G878/raw/input/Inverter temperature(41) 33.6
Publishing: GivEnergy/WF2036G878/raw/input/LoadTotal Power (42) 2183
Publishing: GivEnergy/WF2036G878/raw/input/Pgrid_Apparent(43) 2243
Publishing: GivEnergy/WF2036G878/raw/input/Today generate energy today (low)(44) 10.2
Publishing: GivEnergy/WF2036G878/raw/input/Total generate energy (high)(45) 0000
Publishing: GivEnergy/WF2036G878/raw/input/Total generate energy (low)(46) 2c3a
Publishing: GivEnergy/WF2036G878/raw/input/Work time total (high)(47) 0000
Publishing: GivEnergy/WF2036G878/raw/input/Work time total (low)(48) 0608
Publishing: GivEnergy/WF2036G878/raw/input/System Mode(49) 1
Publishing: GivEnergy/WF2036G878/raw/input/Battery voltage(50) 53.18
Publishing: GivEnergy/WF2036G878/raw/input/Battery current(51) 0.0
Publishing: GivEnergy/WF2036G878/raw/input/Battery power(52) 0
Publishing: GivEnergy/WF2036G878/raw/input/Output voltage(53) 243.0
Publishing: GivEnergy/WF2036G878/raw/input/Output frequency(54) 49.96
Publishing: GivEnergy/WF2036G878/raw/input/Charger temperature(55) 33.3
Publishing: GivEnergy/WF2036G878/raw/input/Battery temperature(56) 27.0
Publishing: GivEnergy/WF2036G878/raw/input/Charger Warning code(57) 0
Publishing: GivEnergy/WF2036G878/raw/input/wGridPortCurr(58) 9.97
Publishing: GivEnergy/WF2036G878/raw/input/Battery percent(59) 4
TCP Call no: 1 to read register 180
Sending command:  59590001001C0102574632303336473837380000000000000008000400B400043eb0
Success reading 4 register(s) 180 from 04--1ad61c3e002c0033
No user defined MQTT Topic
Connecting to broker  192.168.2.83
In wait loop
In wait loop
In wait loop
connected OK Returned code= 0
Publishing: GivEnergy/WF2036G878/raw/input/Battery Discharge Energy Total(180) 687.0
Publishing: GivEnergy/WF2036G878/raw/input/Battery Charge Energy Total(181) 723.0
Publishing: GivEnergy/WF2036G878/raw/input/Battery Discharge Energy Today(182) 4.4
Publishing: GivEnergy/WF2036G878/raw/input/Battery Charge Energy Today(183) 5.1
Sum of reg= 13509 And there are 26 empty registers
No user defined MQTT Topic
Connecting to broker  192.168.2.83
In wait loop
In wait loop
In wait loop
connected OK Returned code= 0
Publishing: GivEnergy/WF2036G878/Energy/Total/Battery Charge Energy Total kWh 723.0
Publishing: GivEnergy/WF2036G878/Energy/Total/Battery Discharge Energy Total kWh 687.0
Publishing: GivEnergy/WF2036G878/Energy/Total/Export Energy Total kWh 54.4
Publishing: GivEnergy/WF2036G878/Energy/Total/Battery Throughput Total kWh 1410.0
Publishing: GivEnergy/WF2036G878/Energy/Total/Load Energy Total kWh 440.0
Publishing: GivEnergy/WF2036G878/Energy/Total/Import Energy Total kWh 1741.2
Publishing: GivEnergy/WF2036G878/Energy/Total/PV Energy Total kWh 863.4
No user defined MQTT Topic
Connecting to broker  192.168.2.83
In wait loop
In wait loop
In wait loop
connected OK Returned code= 0
Publishing: GivEnergy/WF2036G878/Energy/Today/Battery Charge Energy Today kWh 5.1
Publishing: GivEnergy/WF2036G878/Energy/Today/Battery Discharge Energy Today kWh 4.4
Publishing: GivEnergy/WF2036G878/Energy/Today/Battery Throughput Today kWh 9.5
Publishing: GivEnergy/WF2036G878/Energy/Today/PV Energy Today kWh 10.5
Publishing: GivEnergy/WF2036G878/Energy/Today/Import Energy Today kWh 33.1
Publishing: GivEnergy/WF2036G878/Energy/Today/Export Energy Today kWh 0.1
Publishing: GivEnergy/WF2036G878/Energy/Today/Load Energy Today kWh 1.2
No user defined MQTT Topic
Connecting to broker  192.168.2.83
In wait loop
In wait loop
connected OK Returned code= 0
Publishing: GivEnergy/WF2036G878/Power/PV Power 0
Publishing: GivEnergy/WF2036G878/Power/Grid Power -2183
Publishing: GivEnergy/WF2036G878/Power/Import Power 2183
Publishing: GivEnergy/WF2036G878/Power/Export Power 0
Publishing: GivEnergy/WF2036G878/Power/EPS Power 0
Publishing: GivEnergy/WF2036G878/Power/Invertor Power 0
Publishing: GivEnergy/WF2036G878/Power/Load Power 2183
Publishing: GivEnergy/WF2036G878/Power/Battery Power 0
Publishing: GivEnergy/WF2036G878/Power/Charge Power 0
Publishing: GivEnergy/WF2036G878/Power/Discharge Power 0
Publishing: GivEnergy/WF2036G878/Power/SOC 4
